#
# There is insufficient memory for the Java Runtime Environment to continue.
# Native memory allocation (malloc) failed to allocate 989456 bytes for Chunk::new
# Possible reasons:
#   The system is out of physical RAM or swap space
#   In 32 bit mode, the process size limit was hit
# Possible solutions:
#   Reduce memory load on the system
#   Increase physical memory or swap space
#   Check if swap backing store is full
#   Use 64 bit Java on a 64 bit OS
#   Decrease Java heap size (-Xmx/-Xms)
#   Decrease number of Java threads
#   Decrease Java thread stack sizes (-Xss)
#   Set larger code cache with -XX:ReservedCodeCacheSize=
# This output file may be truncated or incomplete.
#
#  Out of Memory Error (allocation.cpp:390), pid=10920, tid=0x00000000000028b0
#
# JRE version: Java(TM) SE Runtime Environment (8.0_191-b12) (build 1.8.0_191-b12)
# Java VM: Java HotSpot(TM) 64-Bit Server VM (25.191-b12 mixed mode windows-amd64 compressed oops)
# Failed to write core dump. Minidumps are not enabled by default on client versions of Windows
#

---------------  T H R E A D  ---------------

Current thread (0x00000000150d3000):  JavaThread "C2 CompilerThread1" daemon [_thread_in_native, id=10416, stack(0x0000000016820000,0x0000000016920000)]

Stack: [0x0000000016820000,0x0000000016920000]
[error occurred during error reporting (printing stack bounds), id 0xc0000005]

Native frames: (J=compiled Java code, j=interpreted, Vv=VM code, C=native code)


Current CompileTask:
C2:   9279 2348       4       org.codehaus.plexus.interpolation.PrefixedValueSourceWrapper::getValue (39 bytes)


---------------  P R O C E S S  ---------------

Java Threads: ( => current thread )
  0x0000000016a50800 JavaThread "Service Thread" daemon [_thread_blocked, id=8816, stack(0x0000000016e20000,0x0000000016f20000)]
  0x00000000150dc800 JavaThread "C1 CompilerThread2" daemon [_thread_blocked, id=3448, stack(0x0000000016920000,0x0000000016a20000)]
=>0x00000000150d3000 JavaThread "C2 CompilerThread1" daemon [_thread_in_native, id=10416, stack(0x0000000016820000,0x0000000016920000)]
  0x00000000150ca800 JavaThread "C2 CompilerThread0" daemon [_thread_in_native, id=10584, stack(0x0000000016720000,0x0000000016820000)]
  0x00000000150d9000 JavaThread "Attach Listener" daemon [_thread_blocked, id=13156, stack(0x0000000016620000,0x0000000016720000)]
  0x00000000150d7800 JavaThread "Signal Dispatcher" daemon [_thread_blocked, id=72, stack(0x0000000016520000,0x0000000016620000)]
  0x0000000002a0b800 JavaThread "Finalizer" daemon [_thread_blocked, id=5068, stack(0x0000000016330000,0x0000000016430000)]
  0x0000000002a02000 JavaThread "Reference Handler" daemon [_thread_blocked, id=12156, stack(0x0000000016230000,0x0000000016330000)]
  0x0000000002912800 JavaThread "main" [_thread_in_native, id=9012, stack(0x0000000002780000,0x0000000002880000)]

Other Threads:
  0x0000000015098000 VMThread [stack: 0x0000000016130000,0x0000000016230000] [id=2808]
  0x000000001512c000 WatcherThread [stack: 0x0000000016f20000,0x0000000017020000] [id=11792]

VM state:not at safepoint (normal execution)

VM Mutex/Monitor currently owned by a thread: None

Heap:
 PSYoungGen      total 39424K, used 13412K [0x00000000eb300000, 0x00000000f0100000, 0x0000000100000000)
  eden space 32768K, 22% used [0x00000000eb300000,0x00000000eba0bc70,0x00000000ed300000)
  from space 6656K, 93% used [0x00000000ed300000,0x00000000ed90d5d8,0x00000000ed980000)
  to   space 7168K, 0% used [0x00000000efa00000,0x00000000efa00000,0x00000000f0100000)
 ParOldGen       total 44032K, used 9660K [0x00000000c1800000, 0x00000000c4300000, 0x00000000eb300000)
  object space 44032K, 21% used [0x00000000c1800000,0x00000000c216f3c0,0x00000000c4300000)
 Metaspace       used 15072K, capacity 15264K, committed 15488K, reserved 1062912K
  class space    used 1821K, capacity 1912K, committed 1920K, reserved 1048576K

Card table byte_map: [0x0000000011ea0000,0x00000000120a0000] byte_map_base: 0x0000000011894000

Marking Bits: (ParMarkBitMap*) 0x0000000055f13e30
 Begin Bits: [0x00000000125f0000, 0x0000000013590000)
 End Bits:   [0x0000000013590000, 0x0000000014530000)

Polling page: 0x0000000000e80000

CodeCache: size=245760Kb used=8417Kb max_used=8417Kb free=237343Kb
 bounds [0x0000000002ae0000, 0x0000000003320000, 0x0000000011ae0000]
 total_blobs=2756 nmethods=2407 adapters=260
 compilation: enabled

Compilation events (10 events):
Event: 9.071 Thread 0x00000000150dc800 2427       3       org.apache.maven.model.building.DefaultModelBuilder::getProfileActivations (86 bytes)
Event: 9.074 Thread 0x00000000150dc800 nmethod 2427 0x00000000033188d0 code [0x0000000003318b20, 0x0000000003319918]
Event: 9.074 Thread 0x00000000150dc800 2426       3       org.apache.maven.model.building.ModelData::setModel (6 bytes)
Event: 9.074 Thread 0x00000000150dc800 nmethod 2426 0x000000000331a050 code [0x000000000331a1a0, 0x000000000331a310]
Event: 9.079 Thread 0x00000000150dc800 2428       3       org.apache.maven.model.validation.DefaultModelValidator::validateDependencyVersion (41 bytes)
Event: 9.081 Thread 0x00000000150dc800 nmethod 2428 0x000000000331a390 code [0x000000000331a580, 0x000000000331ada8]
Event: 9.081 Thread 0x00000000150dc800 2429       1       org.eclipse.aether.repository.RemoteRepository::getMirroredRepositories (5 bytes)
Event: 9.082 Thread 0x00000000150dc800 nmethod 2429 0x000000000331b190 code [0x000000000331b2e0, 0x000000000331b3f0]
Event: 9.144 Thread 0x00000000150dc800 2430       1       org.apache.maven.model.building.DefaultModelBuildingResult::getProblems (5 bytes)
Event: 9.145 Thread 0x00000000150dc800 nmethod 2430 0x000000000331b450 code [0x000000000331b5a0, 0x000000000331b6b0]

GC Heap History (10 events):
Event: 3.498 GC heap before
{Heap before GC invocations=3 (full 0):
 PSYoungGen      total 18944K, used 18919K [0x00000000eb300000, 0x00000000ec800000, 0x0000000100000000)
  eden space 16384K, 100% used [0x00000000eb300000,0x00000000ec300000,0x00000000ec300000)
  from space 2560K, 99% used [0x00000000ec580000,0x00000000ec7f9ca8,0x00000000ec800000)
  to   space 2560K, 0% used [0x00000000ec300000,0x00000000ec300000,0x00000000ec580000)
 ParOldGen       total 44032K, used 1011K [0x00000000c1800000, 0x00000000c4300000, 0x00000000eb300000)
  object space 44032K, 2% used [0x00000000c1800000,0x00000000c18fcf88,0x00000000c4300000)
 Metaspace       used 9787K, capacity 9974K, committed 9984K, reserved 1058816K
  class space    used 1200K, capacity 1279K, committed 1280K, reserved 1048576K
Event: 3.508 GC heap after
Heap after GC invocations=3 (full 0):
 PSYoungGen      total 18944K, used 2553K [0x00000000eb300000, 0x00000000ec800000, 0x0000000100000000)
  eden space 16384K, 0% used [0x00000000eb300000,0x00000000eb300000,0x00000000ec300000)
  from space 2560K, 99% used [0x00000000ec300000,0x00000000ec57e560,0x00000000ec580000)
  to   space 2560K, 0% used [0x00000000ec580000,0x00000000ec580000,0x00000000ec800000)
 ParOldGen       total 44032K, used 2853K [0x00000000c1800000, 0x00000000c4300000, 0x00000000eb300000)
  object space 44032K, 6% used [0x00000000c1800000,0x00000000c1ac9478,0x00000000c4300000)
 Metaspace       used 9787K, capacity 9974K, committed 9984K, reserved 1058816K
  class space    used 1200K, capacity 1279K, committed 1280K, reserved 1048576K
}
Event: 4.118 GC heap before
{Heap before GC invocations=4 (full 0):
 PSYoungGen      total 18944K, used 18937K [0x00000000eb300000, 0x00000000ec800000, 0x0000000100000000)
  eden space 16384K, 100% used [0x00000000eb300000,0x00000000ec300000,0x00000000ec300000)
  from space 2560K, 99% used [0x00000000ec300000,0x00000000ec57e560,0x00000000ec580000)
  to   space 2560K, 0% used [0x00000000ec580000,0x00000000ec580000,0x00000000ec800000)
 ParOldGen       total 44032K, used 2853K [0x00000000c1800000, 0x00000000c4300000, 0x00000000eb300000)
  object space 44032K, 6% used [0x00000000c1800000,0x00000000c1ac9478,0x00000000c4300000)
 Metaspace       used 11751K, capacity 11950K, committed 12160K, reserved 1060864K
  class space    used 1476K, capacity 1573K, committed 1664K, reserved 1048576K
Event: 4.131 GC heap after
Heap after GC invocations=4 (full 0):
 PSYoungGen      total 18944K, used 2528K [0x00000000eb300000, 0x00000000ed800000, 0x0000000100000000)
  eden space 16384K, 0% used [0x00000000eb300000,0x00000000eb300000,0x00000000ec300000)
  from space 2560K, 98% used [0x00000000ec580000,0x00000000ec7f8020,0x00000000ec800000)
  to   space 2560K, 0% used [0x00000000ec300000,0x00000000ec300000,0x00000000ec580000)
 ParOldGen       total 44032K, used 5314K [0x00000000c1800000, 0x00000000c4300000, 0x00000000eb300000)
  object space 44032K, 12% used [0x00000000c1800000,0x00000000c1d30b50,0x00000000c4300000)
 Metaspace       used 11751K, capacity 11950K, committed 12160K, reserved 1060864K
  class space    used 1476K, capacity 1573K, committed 1664K, reserved 1048576K
}
Event: 5.148 GC heap before
{Heap before GC invocations=5 (full 0):
 PSYoungGen      total 18944K, used 18912K [0x00000000eb300000, 0x00000000ed800000, 0x0000000100000000)
  eden space 16384K, 100% used [0x00000000eb300000,0x00000000ec300000,0x00000000ec300000)
  from space 2560K, 98% used [0x00000000ec580000,0x00000000ec7f8020,0x00000000ec800000)
  to   space 2560K, 0% used [0x00000000ec300000,0x00000000ec300000,0x00000000ec580000)
 ParOldGen       total 44032K, used 5314K [0x00000000c1800000, 0x00000000c4300000, 0x00000000eb300000)
  object space 44032K, 12% used [0x00000000c1800000,0x00000000c1d30b50,0x00000000c4300000)
 Metaspace       used 14230K, capacity 14410K, committed 14720K, reserved 1062912K
  class space    used 1766K, capacity 1871K, committed 1920K, reserved 1048576K
Event: 5.163 GC heap after
Heap after GC invocations=5 (full 0):
 PSYoungGen      total 18944K, used 2528K [0x00000000eb300000, 0x00000000ee000000, 0x0000000100000000)
  eden space 16384K, 0% used [0x00000000eb300000,0x00000000eb300000,0x00000000ec300000)
  from space 2560K, 98% used [0x00000000ec300000,0x00000000ec578020,0x00000000ec580000)
  to   space 6656K, 0% used [0x00000000ed980000,0x00000000ed980000,0x00000000ee000000)
 ParOldGen       total 44032K, used 8452K [0x00000000c1800000, 0x00000000c4300000, 0x00000000eb300000)
  object space 44032K, 19% used [0x00000000c1800000,0x00000000c20413a0,0x00000000c4300000)
 Metaspace       used 14230K, capacity 14410K, committed 14720K, reserved 1062912K
  class space    used 1766K, capacity 1871K, committed 1920K, reserved 1048576K
}
Event: 6.583 GC heap before
{Heap before GC invocations=6 (full 0):
 PSYoungGen      total 18944K, used 18912K [0x00000000eb300000, 0x00000000ee000000, 0x0000000100000000)
  eden space 16384K, 100% used [0x00000000eb300000,0x00000000ec300000,0x00000000ec300000)
  from space 2560K, 98% used [0x00000000ec300000,0x00000000ec578020,0x00000000ec580000)
  to   space 6656K, 0% used [0x00000000ed980000,0x00000000ed980000,0x00000000ee000000)
 ParOldGen       total 44032K, used 8452K [0x00000000c1800000, 0x00000000c4300000, 0x00000000eb300000)
  object space 44032K, 19% used [0x00000000c1800000,0x00000000c20413a0,0x00000000c4300000)
 Metaspace       used 14780K, capacity 15002K, committed 15232K, reserved 1062912K
  class space    used 1804K, capacity 1911K, committed 1920K, reserved 1048576K
Event: 6.666 GC heap after
Heap after GC invocations=6 (full 0):
 PSYoungGen      total 39424K, used 4840K [0x00000000eb300000, 0x00000000ee000000, 0x0000000100000000)
  eden space 32768K, 0% used [0x00000000eb300000,0x00000000eb300000,0x00000000ed300000)
  from space 6656K, 72% used [0x00000000ed980000,0x00000000ede3a2d0,0x00000000ee000000)
  to   space 6656K, 0% used [0x00000000ed300000,0x00000000ed300000,0x00000000ed980000)
 ParOldGen       total 44032K, used 8452K [0x00000000c1800000, 0x00000000c4300000, 0x00000000eb300000)
  object space 44032K, 19% used [0x00000000c1800000,0x00000000c20413a0,0x00000000c4300000)
 Metaspace       used 14780K, capacity 15002K, committed 15232K, reserved 1062912K
  class space    used 1804K, capacity 1911K, committed 1920K, reserved 1048576K
}
Event: 8.723 GC heap before
{Heap before GC invocations=7 (full 0):
 PSYoungGen      total 39424K, used 37608K [0x00000000eb300000, 0x00000000ee000000, 0x0000000100000000)
  eden space 32768K, 100% used [0x00000000eb300000,0x00000000ed300000,0x00000000ed300000)
  from space 6656K, 72% used [0x00000000ed980000,0x00000000ede3a2d0,0x00000000ee000000)
  to   space 6656K, 0% used [0x00000000ed300000,0x00000000ed300000,0x00000000ed980000)
 ParOldGen       total 44032K, used 8452K [0x00000000c1800000, 0x00000000c4300000, 0x00000000eb300000)
  object space 44032K, 19% used [0x00000000c1800000,0x00000000c20413a0,0x00000000c4300000)
 Metaspace       used 15050K, capacity 15264K, committed 15488K, reserved 1062912K
  class space    used 1820K, capacity 1912K, committed 1920K, reserved 1048576K
Event: 8.781 GC heap after
Heap after GC invocations=7 (full 0):
 PSYoungGen      total 39424K, used 6197K [0x00000000eb300000, 0x00000000f0100000, 0x0000000100000000)
  eden space 32768K, 0% used [0x00000000eb300000,0x00000000eb300000,0x00000000ed300000)
  from space 6656K, 93% used [0x00000000ed300000,0x00000000ed90d5d8,0x00000000ed980000)
  to   space 7168K, 0% used [0x00000000efa00000,0x00000000efa00000,0x00000000f0100000)
 ParOldGen       total 44032K, used 9660K [0x00000000c1800000, 0x00000000c4300000, 0x00000000eb300000)
  object space 44032K, 21% used [0x00000000c1800000,0x00000000c216f3c0,0x00000000c4300000)
 Metaspace       used 15050K, capacity 15264K, committed 15488K, reserved 1062912K
  class space    used 1820K, capacity 1912K, committed 1920K, reserved 1048576K
}

Deoptimization events (10 events):
Event: 5.644 Thread 0x0000000002912800 Uncommon trap: reason=unstable_if action=reinterpret pc=0x0000000002d91c54 method=sun.nio.cs.UTF_8$Decoder.decodeArrayLoop(Ljava/nio/ByteBuffer;Ljava/nio/CharBuffer;)Ljava/nio/charset/CoderResult; @ 84
Event: 5.835 Thread 0x0000000002912800 Uncommon trap: reason=unstable_if action=reinterpret pc=0x0000000003139404 method=org.codehaus.plexus.util.xml.pull.MXParser.nextImpl()I @ 555
Event: 6.111 Thread 0x0000000002912800 Uncommon trap: reason=null_check action=make_not_entrant pc=0x000000000319fadc method=org.apache.maven.model.io.xpp3.MavenXpp3Reader.checkFieldWithDuplicate(Lorg/codehaus/plexus/util/xml/pull/XmlPullParser;Ljava/lang/String;Ljava/lang/String;Ljava/util/Se
Event: 6.957 Thread 0x0000000002912800 Uncommon trap: reason=unstable_if action=reinterpret pc=0x0000000002ebe17c method=java.util.HashMap.hash(Ljava/lang/Object;)I @ 1
Event: 6.957 Thread 0x0000000002912800 Uncommon trap: reason=unstable_if action=reinterpret pc=0x0000000002dee328 method=java.util.HashMap.hash(Ljava/lang/Object;)I @ 1
Event: 7.272 Thread 0x0000000002912800 Uncommon trap: reason=unstable_if action=reinterpret pc=0x00000000031607e8 method=java.util.HashMap.hash(Ljava/lang/Object;)I @ 1
Event: 7.273 Thread 0x0000000002912800 Uncommon trap: reason=unstable_if action=reinterpret pc=0x0000000002f75570 method=java.util.HashMap.hash(Ljava/lang/Object;)I @ 1
Event: 7.345 Thread 0x0000000002912800 Uncommon trap: reason=unstable_if action=reinterpret pc=0x00000000032233bc method=org.apache.maven.model.io.xpp3.MavenXpp3Reader.nextTag(Lorg/codehaus/plexus/util/xml/pull/XmlPullParser;)I @ 9
Event: 7.411 Thread 0x0000000002912800 Uncommon trap: reason=predicate action=maybe_recompile pc=0x0000000002dd1850 method=java.nio.charset.CharsetDecoder.decode(Ljava/nio/ByteBuffer;Ljava/nio/CharBuffer;Z)Ljava/nio/charset/CoderResult; @ 54
Event: 7.412 Thread 0x0000000002912800 Uncommon trap: reason=unstable_if action=reinterpret pc=0x00000000032298c4 method=org.codehaus.plexus.util.xml.pull.MXParser.parseAttribute()C @ 995

Classes redefined (0 events):
No events

Internal exceptions (10 events):
Event: 4.728 Thread 0x0000000002912800 Exception <a 'java/lang/NullPointerException'> (0x00000000ebcb4b20) thrown at [C:\re\workspace\8-2-build-windows-amd64-cygwin\jdk8u191\11896\hotspot\src\share\vm\interpreter\linkResolver.cpp, line 1185]
Event: 4.728 Thread 0x0000000002912800 Exception <a 'java/lang/NullPointerException'> (0x00000000ebcb4d38) thrown at [C:\re\workspace\8-2-build-windows-amd64-cygwin\jdk8u191\11896\hotspot\src\share\vm\interpreter\linkResolver.cpp, line 1185]
Event: 4.728 Thread 0x0000000002912800 Exception <a 'java/lang/NullPointerException'> (0x00000000ebcb4f50) thrown at [C:\re\workspace\8-2-build-windows-amd64-cygwin\jdk8u191\11896\hotspot\src\share\vm\interpreter\linkResolver.cpp, line 1185]
Event: 4.798 Thread 0x0000000002912800 Implicit null exception at 0x0000000002f62114 to 0x0000000002f624bd
Event: 4.798 Thread 0x0000000002912800 Implicit null exception at 0x0000000002cdbcd6 to 0x0000000002cdc06d
Event: 6.111 Thread 0x0000000002912800 Implicit null exception at 0x000000000319f877 to 0x000000000319fac1
Event: 6.957 Thread 0x0000000002912800 Implicit null exception at 0x0000000002ebdf95 to 0x0000000002ebe16d
Event: 6.957 Thread 0x0000000002912800 Implicit null exception at 0x0000000002dee2af to 0x0000000002dee319
Event: 7.272 Thread 0x0000000002912800 Implicit null exception at 0x000000000315ffd7 to 0x00000000031607d5
Event: 7.273 Thread 0x0000000002912800 Implicit null exception at 0x0000000002f754d8 to 0x0000000002f75566

Events (10 events):
Event: 8.799 Thread 0x00000000150dc800 flushing nmethod 0x0000000002bec110
Event: 8.799 Thread 0x00000000150dc800 flushing nmethod 0x0000000002bed450
Event: 8.799 Thread 0x00000000150dc800 flushing nmethod 0x0000000002bedad0
Event: 8.799 Thread 0x00000000150dc800 flushing nmethod 0x0000000002bee890
Event: 8.799 Thread 0x00000000150dc800 flushing nmethod 0x0000000002beec50
Event: 8.799 Thread 0x00000000150dc800 flushing nmethod 0x0000000002bf7290
Event: 8.799 Thread 0x00000000150dc800 flushing nmethod 0x0000000002bfae50
Event: 8.799 Thread 0x00000000150dc800 flushing nmethod 0x0000000002bfb350
Event: 8.809 loading class org/eclipse/aether/util/graph/selector/ExclusionDependencySelector$ExclusionComparator
Event: 8.809 loading class org/eclipse/aether/util/graph/selector/ExclusionDependencySelector$ExclusionComparator done


Dynamic libraries:
0x00007ff61c240000 - 0x00007ff61c277000 	C:\Program Files\Java\jdk1.8.0_191\bin\javaw.exe
0x00007ffb2bf50000 - 0x00007ffb2c131000 	C:\WINDOWS\SYSTEM32\ntdll.dll
0x00007ffb2b010000 - 0x00007ffb2b0c2000 	C:\WINDOWS\System32\KERNEL32.DLL
0x00007ffb28710000 - 0x00007ffb28983000 	C:\WINDOWS\System32\KERNELBASE.dll
0x00007ffb2be70000 - 0x00007ffb2bf11000 	C:\WINDOWS\System32\ADVAPI32.dll
0x00007ffb2b6d0000 - 0x00007ffb2b76e000 	C:\WINDOWS\System32\msvcrt.dll
0x00007ffb2bd00000 - 0x00007ffb2bd5b000 	C:\WINDOWS\System32\sechost.dll
0x00007ffb29830000 - 0x00007ffb29954000 	C:\WINDOWS\System32\RPCRT4.dll
0x00007ffb2b0d0000 - 0x00007ffb2b260000 	C:\WINDOWS\System32\USER32.dll
0x00007ffb28320000 - 0x00007ffb28340000 	C:\WINDOWS\System32\win32u.dll
0x00007ffb2afe0000 - 0x00007ffb2b008000 	C:\WINDOWS\System32\GDI32.dll
0x00007ffb28570000 - 0x00007ffb28702000 	C:\WINDOWS\System32\gdi32full.dll
0x00007ffb28a40000 - 0x00007ffb28adf000 	C:\WINDOWS\System32\msvcp_win.dll
0x00007ffb283c0000 - 0x00007ffb284ba000 	C:\WINDOWS\System32\ucrtbase.dll
0x00007ffb1c060000 - 0x00007ffb1c2c9000 	C:\WINDOWS\WinSxS\amd64_microsoft.windows.common-controls_6595b64144ccf1df_6.0.17134.345_none_fb429a5930656358\COMCTL32.dll
0x00007ffb2b960000 - 0x00007ffb2bc83000 	C:\WINDOWS\System32\combase.dll
0x00007ffb28340000 - 0x00007ffb283ba000 	C:\WINDOWS\System32\bcryptPrimitives.dll
0x00007ffb29510000 - 0x00007ffb2953d000 	C:\WINDOWS\System32\IMM32.DLL
0x0000000056b40000 - 0x0000000056c12000 	C:\Program Files\Java\jdk1.8.0_191\jre\bin\msvcr100.dll
0x00000000556f0000 - 0x0000000055f94000 	C:\Program Files\Java\jdk1.8.0_191\jre\bin\server\jvm.dll
0x00007ffb2b860000 - 0x00007ffb2b868000 	C:\WINDOWS\System32\PSAPI.DLL
0x00007ffb1f1b0000 - 0x00007ffb1f1d3000 	C:\WINDOWS\SYSTEM32\WINMM.dll
0x00007ffb1fcb0000 - 0x00007ffb1fcb9000 	C:\WINDOWS\SYSTEM32\WSOCK32.dll
0x00007ffb2b770000 - 0x00007ffb2b7dc000 	C:\WINDOWS\System32\WS2_32.dll
0x00007ffb1f180000 - 0x00007ffb1f1aa000 	C:\WINDOWS\SYSTEM32\WINMMBASE.dll
0x00007ffb28990000 - 0x00007ffb289d9000 	C:\WINDOWS\System32\cfgmgr32.dll
0x00007ffb1f0f0000 - 0x00007ffb1f0fa000 	C:\WINDOWS\SYSTEM32\VERSION.dll
0x00000000556e0000 - 0x00000000556ef000 	C:\Program Files\Java\jdk1.8.0_191\jre\bin\verify.dll
0x00000000556b0000 - 0x00000000556d9000 	C:\Program Files\Java\jdk1.8.0_191\jre\bin\java.dll
0x0000000055660000 - 0x0000000055676000 	C:\Program Files\Java\jdk1.8.0_191\jre\bin\zip.dll
0x00007ffb29ba0000 - 0x00007ffb2afdf000 	C:\WINDOWS\System32\SHELL32.dll
0x00007ffb2bd60000 - 0x00007ffb2be09000 	C:\WINDOWS\System32\shcore.dll
0x00007ffb28ae0000 - 0x00007ffb291ed000 	C:\WINDOWS\System32\windows.storage.dll
0x00007ffb293e0000 - 0x00007ffb29431000 	C:\WINDOWS\System32\shlwapi.dll
0x00007ffb28270000 - 0x00007ffb28281000 	C:\WINDOWS\System32\kernel.appcore.dll
0x00007ffb282e0000 - 0x00007ffb282ff000 	C:\WINDOWS\System32\profapi.dll
0x00007ffb28290000 - 0x00007ffb282dc000 	C:\WINDOWS\System32\powrprof.dll
0x00007ffb28260000 - 0x00007ffb2826a000 	C:\WINDOWS\System32\FLTLIB.DLL
0x0000000055640000 - 0x000000005565a000 	C:\Program Files\Java\jdk1.8.0_191\jre\bin\net.dll
0x00007ffb27ae0000 - 0x00007ffb27b46000 	C:\WINDOWS\system32\mswsock.dll
0x0000000055620000 - 0x0000000055631000 	C:\Program Files\Java\jdk1.8.0_191\jre\bin\nio.dll

VM Arguments:
jvm_args: -Dmaven.home=EMBEDDED -Dclassworlds.conf=C:\Users\Denisaa\Downloads\kit eclipse\eclipse\.metadata\.plugins\org.eclipse.m2e.launching\launches\m2conf3096411040294520997.tmp -Dmaven.multiModuleProjectDirectory=C:\Users\Denisaa\Desktop\MSD-S2\Professional\MSD\practice\msd-soa-practice-wks\MSD-S2 -Dfile.encoding=Cp1252 
java_command: org.codehaus.plexus.classworlds.launcher.Launcher -B clean wildfly:deploy
java_class_path (initial): C:\Users\Denisaa\Desktop\eclipse\plugins\org.eclipse.m2e.maven.runtime_1.9.0.20180606-2035\jars\plexus-classworlds-2.5.2.jar
Launcher Type: SUN_STANDARD

Environment Variables:
JAVA_HOME=C:\Program Files\Java\jdk1.8.0_191
PATH=C:/Program Files/Java/jdk1.8.0_191/bin/../jre/bin/server;C:/Program Files/Java/jdk1.8.0_191/bin/../jre/bin;C:/Program Files/Java/jdk1.8.0_191/bin/../jre/lib/amd64;E:\app\Denisaa\product\12.1.0\dbhome_4\bin;C:\Program Files\Java\jdk1.8.0_191\bin;E:\apache-maven-3.5.4\bin;C:\Program Files\Intel\WiFi\bin\;C:\Program Files\Common Files\Intel\WirelessCommon\;C:\Users\Denisaa\AppData\Local\Microsoft\WindowsApps;;C:\Program Files\Microsoft VS Code\bin;C:\Users\Denisaa\Desktop\eclipse;
USERNAME=Denisaa
OS=Windows_NT
PROCESSOR_IDENTIFIER=Intel64 Family 6 Model 69 Stepping 1, GenuineIntel



---------------  S Y S T E M  ---------------

OS: Windows 10.0 , 64 bit Build 17134 (10.0.17134.1)

CPU:total 4 (initial active 4) (2 cores per cpu, 2 threads per core) family 6 model 69 stepping 1, cmov, cx8, fxsr, mmx, sse, sse2, sse3, ssse3, sse4.1, sse4.2, popcnt, avx, avx2, aes, clmul, erms, lzcnt, ht, tsc, tscinvbit, bmi1, bmi2

Memory: 4k page, physical 4088172k(283260k free), swap 10379628k(6324k free)

vm_info: Java HotSpot(TM) 64-Bit Server VM (25.191-b12) for windows-amd64 JRE (1.8.0_191-b12), built on Oct  6 2018 09:29:03 by "java_re" with MS VC++ 10.0 (VS2010)

time: Sat Nov 03 18:04:56 2018
elapsed time: 9 seconds (0d 0h 0m 9s)

